INFO:werkzeug:[31m[1mWARNING: This is a development server. Do not use it in a production deployment. Use a production WSGI server instead.[0m
 * Running on http://127.0.0.1:8000
INFO:werkzeug:[33mPress CTRL+C to quit[0m
INFO:werkzeug: * Restarting with stat
WARNING:werkzeug: * Debugger is active!
INFO:werkzeug: * Debugger PIN: 681-320-963
INFO:werkzeug: * Detected change in 'C:\\Users\\hp\\OneDrive\\Documents\\Duaa Developer\\flask\\app.py', reloading
INFO:werkzeug: * Restarting with stat
WARNING:werkzeug: * Debugger is active!
INFO:werkzeug: * Debugger PIN: 681-320-963
INFO:werkzeug:[31m[1mWARNING: This is a development server. Do not use it in a production deployment. Use a production WSGI server instead.[0m
 * Running on http://127.0.0.1:8000
INFO:werkzeug:[33mPress CTRL+C to quit[0m
INFO:werkzeug: * Restarting with stat
WARNING:werkzeug: * Debugger is active!
INFO:werkzeug: * Debugger PIN: 681-320-963
INFO:werkzeug: * Detected change in 'C:\\Users\\hp\\OneDrive\\Documents\\Duaa Developer\\flask\\app.py', reloading
INFO:werkzeug: * Restarting with stat
INFO:werkzeug: * Detected change in 'C:\\Users\\hp\\OneDrive\\Documents\\Duaa Developer\\flask\\app.py', reloading
INFO:werkzeug: * Restarting with stat
INFO:werkzeug: * Restarting with stat
INFO:werkzeug: * Restarting with stat
INFO:werkzeug: * Restarting with stat
INFO:werkzeug: * Restarting with stat
